<?xml version="1.0" encoding="UTF-8"?>
<!-- Generated by org.testng.reporters.JUnitReportReporter -->
<testsuite hostname="MDC-46519C3" failures="0" tests="1" name="com.google.googleTest" time="16.357" errors="0" timestamp="27 Feb 2024 00:05:29 GMT" skipped="0">
  <testcase classname="com.google.googleTest" name="f" time="16.357"/>
</testsuite> <!-- com.google.googleTest -->
